-------------------------------------------------------------------------------
Test set: test.AppTest
-------------------------------------------------------------------------------
Tests run: 2, Failures: 2, Errors: 0, Skipped: 0, Time elapsed: 32.37 s <<< FAILURE! - in test.AppTest
method_1[0]  Time elapsed: 16.986 s  <<< FAILURE!
org.opentest4j.MultipleFailuresError: 
Multiple Failures (2 failures)
	org.openqa.selenium.SessionNotCreatedException: session not created
from chrome not reachable
  (Session info: chrome=80.0.3987.163)
Build info: version: '4.0.0-alpha-3', revision: '8c567de6dc'
System info: host: 'DESKTOP-2IJO2TS', ip: '192.168.100.33', os.name: 'Windows 10', os.arch: 'amd64', os.version: '10.0', java.version: '13.0.1'
Driver info: driver.version: ChromeDriver
remote stacktrace: Backtrace:
	Ordinal0 [0x00740C83+1707139]
	Ordinal0 [0x006A68F1+1075441]
	Ordinal0 [0x0061DE72+515698]
	Ordinal0 [0x00617CA8+490664]
	Ordinal0 [0x0061839B+492443]
	Ordinal0 [0x006192F5+496373]
	Ordinal0 [0x00614F05+478981]
	Ordinal0 [0x0061ECA0+519328]
	Ordinal0 [0x005CCA67+182887]
	Ordinal0 [0x005CBDDD+179677]
	Ordinal0 [0x005C9D4B+171339]
	Ordinal0 [0x005B1D4A+73034]
	Ordinal0 [0x005B2DC0+77248]
	Ordinal0 [0x005B2D59+77145]
	Ordinal0 [0x006BBB67+1162087]
	GetHandleVerifier [0x007DA966+508998]
	GetHandleVerifier [0x007DA6A4+508292]
	GetHandleVerifier [0x007EF7B7+594583]
	GetHandleVerifier [0x007DB1D6+511158]
	Ordinal0 [0x006B402C+1130540]
	Ordinal0 [0x006BD4CB+1168587]
	Ordinal0 [0x006BD633+1168947]
	Ordinal0 [0x006D5B35+1268533]
	BaseThreadInitThunk [0x76B06359+25]
	RtlGetAppContainerNamedObjectPath [0x77A07C14+228]
	RtlGetAppContainerNamedObjectPath [0x77A07BE4+180]

	java.lang.NullPointerException: <no message>

method_1[1]  Time elapsed: 15.263 s  <<< FAILURE!
org.opentest4j.MultipleFailuresError: 
Multiple Failures (2 failures)
	org.openqa.selenium.SessionNotCreatedException: session not created
from chrome not reachable
  (Session info: chrome=80.0.3987.163)
Build info: version: '4.0.0-alpha-3', revision: '8c567de6dc'
System info: host: 'DESKTOP-2IJO2TS', ip: '192.168.100.33', os.name: 'Windows 10', os.arch: 'amd64', os.version: '10.0', java.version: '13.0.1'
Driver info: driver.version: ChromeDriver
remote stacktrace: Backtrace:
	Ordinal0 [0x00740C83+1707139]
	Ordinal0 [0x006A68F1+1075441]
	Ordinal0 [0x0061DE72+515698]
	Ordinal0 [0x00617CA8+490664]
	Ordinal0 [0x0061839B+492443]
	Ordinal0 [0x006192F5+496373]
	Ordinal0 [0x00614F05+478981]
	Ordinal0 [0x0061ECA0+519328]
	Ordinal0 [0x005CCA67+182887]
	Ordinal0 [0x005CBDDD+179677]
	Ordinal0 [0x005C9D4B+171339]
	Ordinal0 [0x005B1D4A+73034]
	Ordinal0 [0x005B2DC0+77248]
	Ordinal0 [0x005B2D59+77145]
	Ordinal0 [0x006BBB67+1162087]
	GetHandleVerifier [0x007DA966+508998]
	GetHandleVerifier [0x007DA6A4+508292]
	GetHandleVerifier [0x007EF7B7+594583]
	GetHandleVerifier [0x007DB1D6+511158]
	Ordinal0 [0x006B402C+1130540]
	Ordinal0 [0x006BD4CB+1168587]
	Ordinal0 [0x006BD633+1168947]
	Ordinal0 [0x006D5B35+1268533]
	BaseThreadInitThunk [0x76B06359+25]
	RtlGetAppContainerNamedObjectPath [0x77A07C14+228]
	RtlGetAppContainerNamedObjectPath [0x77A07BE4+180]

	java.lang.NullPointerException: <no message>

