<?xml version="1.0" encoding="UTF-8"?>
<testsuite xmlns:xsi="http://www.w3.org/2001/XMLSchema-instance" xsi:noNamespaceSchemaLocation="https://maven.apache.org/surefire/maven-surefire-plugin/xsd/surefire-test-report.xsd" name="test.AppTest" time="32.37" tests="2" errors="0" skipped="0" failures="2">
  <properties>
[...]
</properties>
  <testcase name="method_1[0]" classname="test.AppTest" time="16.986">
    <failure message="Multiple Failures (2 failures)&#10;	org.openqa.selenium.SessionNotCreatedException: session not created&#10;from chrome not reachable&#10;  (Session info: chrome=80.0.3987.163)&#10;Build info: version: &apos;4.0.0-alpha-3&apos;, revision: &apos;8c567de6dc&apos;&#10;System info: host: &apos;DESKTOP-2IJO2TS&apos;, ip: &apos;192.168.100.33&apos;, os.name: &apos;Windows 10&apos;, os.arch: &apos;amd64&apos;, os.version: &apos;10.0&apos;, java.version: &apos;13.0.1&apos;&#10;Driver info: driver.version: ChromeDriver&#10;remote stacktrace: Backtrace:&#10;	Ordinal0 [0x00740C83+1707139]&#10;	Ordinal0 [0x006A68F1+1075441]&#10;	Ordinal0 [0x0061DE72+515698]&#10;	Ordinal0 [0x00617CA8+490664]&#10;	Ordinal0 [0x0061839B+492443]&#10;	Ordinal0 [0x006192F5+496373]&#10;	Ordinal0 [0x00614F05+478981]&#10;	Ordinal0 [0x0061ECA0+519328]&#10;	Ordinal0 [0x005CCA67+182887]&#10;	Ordinal0 [0x005CBDDD+179677]&#10;	Ordinal0 [0x005C9D4B+171339]&#10;	Ordinal0 [0x005B1D4A+73034]&#10;	Ordinal0 [0x005B2DC0+77248]&#10;	Ordinal0 [0x005B2D59+77145]&#10;	Ordinal0 [0x006BBB67+1162087]&#10;	GetHandleVerifier [0x007DA966+508998]&#10;	GetHandleVerifier [0x007DA6A4+508292]&#10;	GetHandleVerifier [0x007EF7B7+594583]&#10;	GetHandleVerifier [0x007DB1D6+511158]&#10;	Ordinal0 [0x006B402C+1130540]&#10;	Ordinal0 [0x006BD4CB+1168587]&#10;	Ordinal0 [0x006BD633+1168947]&#10;	Ordinal0 [0x006D5B35+1268533]&#10;	BaseThreadInitThunk [0x76B06359+25]&#10;	RtlGetAppContainerNamedObjectPath [0x77A07C14+228]&#10;	RtlGetAppContainerNamedObjectPath [0x77A07BE4+180]&#10;&#10;	java.lang.NullPointerException: &lt;no message&gt;" type="org.opentest4j.MultipleFailuresError"><![CDATA[org.opentest4j.MultipleFailuresError: 
Multiple Failures (2 failures)
	org.openqa.selenium.SessionNotCreatedException: session not created
from chrome not reachable
  (Session info: chrome=80.0.3987.163)
Build info: version: '4.0.0-alpha-3', revision: '8c567de6dc'
System info: host: 'DESKTOP-2IJO2TS', ip: '192.168.100.33', os.name: 'Windows 10', os.arch: 'amd64', os.version: '10.0', java.version: '13.0.1'
Driver info: driver.version: ChromeDriver
remote stacktrace: Backtrace:
	Ordinal0 [0x00740C83+1707139]
	Ordinal0 [0x006A68F1+1075441]
	Ordinal0 [0x0061DE72+515698]
	Ordinal0 [0x00617CA8+490664]
	Ordinal0 [0x0061839B+492443]
	Ordinal0 [0x006192F5+496373]
	Ordinal0 [0x00614F05+478981]
	Ordinal0 [0x0061ECA0+519328]
	Ordinal0 [0x005CCA67+182887]
	Ordinal0 [0x005CBDDD+179677]
	Ordinal0 [0x005C9D4B+171339]
	Ordinal0 [0x005B1D4A+73034]
	Ordinal0 [0x005B2DC0+77248]
	Ordinal0 [0x005B2D59+77145]
	Ordinal0 [0x006BBB67+1162087]
	GetHandleVerifier [0x007DA966+508998]
	GetHandleVerifier [0x007DA6A4+508292]
	GetHandleVerifier [0x007EF7B7+594583]
	GetHandleVerifier [0x007DB1D6+511158]
	Ordinal0 [0x006B402C+1130540]
	Ordinal0 [0x006BD4CB+1168587]
	Ordinal0 [0x006BD633+1168947]
	Ordinal0 [0x006D5B35+1268533]
	BaseThreadInitThunk [0x76B06359+25]
	RtlGetAppContainerNamedObjectPath [0x77A07C14+228]
	RtlGetAppContainerNamedObjectPath [0x77A07BE4+180]

	java.lang.NullPointerException: <no message>
]]></failure>
    <system-err><![CDATA[Starting ChromeDriver 80.0.3987.106 (f68069574609230cf9b635cd784cfb1bf81bb53a-refs/branch-heads/3987@{#882}) on port 48141
Only local connections are allowed.
Please protect ports used by ChromeDriver and related test frameworks to prevent access by malicious code.
[1587129247.256][WARNING]: Timed out connecting to Chrome, retrying...
[1587129251.259][WARNING]: Timed out connecting to Chrome, retrying...
]]></system-err>
  </testcase>
  <testcase name="method_1[1]" classname="test.AppTest" time="15.263">
    <failure message="Multiple Failures (2 failures)&#10;	org.openqa.selenium.SessionNotCreatedException: session not created&#10;from chrome not reachable&#10;  (Session info: chrome=80.0.3987.163)&#10;Build info: version: &apos;4.0.0-alpha-3&apos;, revision: &apos;8c567de6dc&apos;&#10;System info: host: &apos;DESKTOP-2IJO2TS&apos;, ip: &apos;192.168.100.33&apos;, os.name: &apos;Windows 10&apos;, os.arch: &apos;amd64&apos;, os.version: &apos;10.0&apos;, java.version: &apos;13.0.1&apos;&#10;Driver info: driver.version: ChromeDriver&#10;remote stacktrace: Backtrace:&#10;	Ordinal0 [0x00740C83+1707139]&#10;	Ordinal0 [0x006A68F1+1075441]&#10;	Ordinal0 [0x0061DE72+515698]&#10;	Ordinal0 [0x00617CA8+490664]&#10;	Ordinal0 [0x0061839B+492443]&#10;	Ordinal0 [0x006192F5+496373]&#10;	Ordinal0 [0x00614F05+478981]&#10;	Ordinal0 [0x0061ECA0+519328]&#10;	Ordinal0 [0x005CCA67+182887]&#10;	Ordinal0 [0x005CBDDD+179677]&#10;	Ordinal0 [0x005C9D4B+171339]&#10;	Ordinal0 [0x005B1D4A+73034]&#10;	Ordinal0 [0x005B2DC0+77248]&#10;	Ordinal0 [0x005B2D59+77145]&#10;	Ordinal0 [0x006BBB67+1162087]&#10;	GetHandleVerifier [0x007DA966+508998]&#10;	GetHandleVerifier [0x007DA6A4+508292]&#10;	GetHandleVerifier [0x007EF7B7+594583]&#10;	GetHandleVerifier [0x007DB1D6+511158]&#10;	Ordinal0 [0x006B402C+1130540]&#10;	Ordinal0 [0x006BD4CB+1168587]&#10;	Ordinal0 [0x006BD633+1168947]&#10;	Ordinal0 [0x006D5B35+1268533]&#10;	BaseThreadInitThunk [0x76B06359+25]&#10;	RtlGetAppContainerNamedObjectPath [0x77A07C14+228]&#10;	RtlGetAppContainerNamedObjectPath [0x77A07BE4+180]&#10;&#10;	java.lang.NullPointerException: &lt;no message&gt;" type="org.opentest4j.MultipleFailuresError"><![CDATA[org.opentest4j.MultipleFailuresError: 
Multiple Failures (2 failures)
	org.openqa.selenium.SessionNotCreatedException: session not created
from chrome not reachable
  (Session info: chrome=80.0.3987.163)
Build info: version: '4.0.0-alpha-3', revision: '8c567de6dc'
System info: host: 'DESKTOP-2IJO2TS', ip: '192.168.100.33', os.name: 'Windows 10', os.arch: 'amd64', os.version: '10.0', java.version: '13.0.1'
Driver info: driver.version: ChromeDriver
remote stacktrace: Backtrace:
	Ordinal0 [0x00740C83+1707139]
	Ordinal0 [0x006A68F1+1075441]
	Ordinal0 [0x0061DE72+515698]
	Ordinal0 [0x00617CA8+490664]
	Ordinal0 [0x0061839B+492443]
	Ordinal0 [0x006192F5+496373]
	Ordinal0 [0x00614F05+478981]
	Ordinal0 [0x0061ECA0+519328]
	Ordinal0 [0x005CCA67+182887]
	Ordinal0 [0x005CBDDD+179677]
	Ordinal0 [0x005C9D4B+171339]
	Ordinal0 [0x005B1D4A+73034]
	Ordinal0 [0x005B2DC0+77248]
	Ordinal0 [0x005B2D59+77145]
	Ordinal0 [0x006BBB67+1162087]
	GetHandleVerifier [0x007DA966+508998]
	GetHandleVerifier [0x007DA6A4+508292]
	GetHandleVerifier [0x007EF7B7+594583]
	GetHandleVerifier [0x007DB1D6+511158]
	Ordinal0 [0x006B402C+1130540]
	Ordinal0 [0x006BD4CB+1168587]
	Ordinal0 [0x006BD633+1168947]
	Ordinal0 [0x006D5B35+1268533]
	BaseThreadInitThunk [0x76B06359+25]
	RtlGetAppContainerNamedObjectPath [0x77A07C14+228]
	RtlGetAppContainerNamedObjectPath [0x77A07BE4+180]

	java.lang.NullPointerException: <no message>
]]></failure>
    <system-err><![CDATA[Starting ChromeDriver 80.0.3987.106 (f68069574609230cf9b635cd784cfb1bf81bb53a-refs/branch-heads/3987@{#882}) on port 11420
Only local connections are allowed.
Please protect ports used by ChromeDriver and related test frameworks to prevent access by malicious code.
[1587129262.834][WARNING]: Timed out connecting to Chrome, retrying...
[1587129266.835][WARNING]: Timed out connecting to Chrome, retrying...
]]></system-err>
  </testcase>
</testsuite>